<?xml version="1.0" encoding="UTF-8"?>
<testng-results ignored="0" total="5" passed="4" failed="1" skipped="0">
  <reporter-output>
  </reporter-output>
  <suite started-at="2020-07-12T11:51:49 IST" name="Suite" finished-at="2020-07-12T11:51:49 IST" duration-ms="205">
    <groups>
      <group name="smoke">
        <method signature="day1.day1Demo1()[pri:0, instance:test.day1@1356d4d4]" name="day1Demo1" class="test.day1"/>
        <method signature="day3.day3Demo()[pri:0, instance:test.day3@55f616cf]" name="day3Demo" class="test.day3"/>
        <method signature="day2.day2Demo()[pri:0, instance:test.day2@73ee04c8]" name="day2Demo" class="test.day2"/>
      </group> <!-- smoke -->
    </groups>
    <test started-at="2020-07-12T11:51:49 IST" name="Test" finished-at="2020-07-12T11:51:49 IST" duration-ms="205">
      <class name="test.day3">
        <test-method is-config="true" signature="day4Demo1()[pri:0, instance:test.day3@55f616cf]" started-at="2020-07-12T11:51:49 IST" name="day4Demo1" finished-at="2020-07-12T11:51:49 IST" duration-ms="1" status="PASS">
          <reporter-output>
          </reporter-output>
        </test-method> <!-- day4Demo1 -->
        <test-method is-config="true" signature="day3Demo4()[pri:0, instance:test.day3@55f616cf]" started-at="2020-07-12T11:51:49 IST" name="day3Demo4" finished-at="2020-07-12T11:51:49 IST" duration-ms="1" status="PASS">
          <reporter-output>
          </reporter-output>
        </test-method> <!-- day3Demo4 -->
        <test-method signature="day3Demo6(java.lang.String)[pri:0, instance:test.day3@55f616cf]" started-at="2020-07-12T11:51:49 IST" name="day3Demo6" finished-at="2020-07-12T11:51:49 IST" duration-ms="7" status="PASS">
          <params>
            <param index="0">
              <value>
                <![CDATA[Day1/Day3.com]]>
              </value>
            </param>
          </params>
          <reporter-output>
          </reporter-output>
        </test-method> <!-- day3Demo6 -->
        <test-method is-config="true" signature="day3Demo7()[pri:0, instance:test.day3@55f616cf]" started-at="2020-07-12T11:51:49 IST" name="day3Demo7" finished-at="2020-07-12T11:51:49 IST" duration-ms="1" status="PASS">
          <reporter-output>
          </reporter-output>
        </test-method> <!-- day3Demo7 -->
        <test-method is-config="true" signature="day3Demo4()[pri:0, instance:test.day3@55f616cf]" started-at="2020-07-12T11:51:49 IST" name="day3Demo4" finished-at="2020-07-12T11:51:49 IST" duration-ms="1" status="PASS">
          <reporter-output>
          </reporter-output>
        </test-method> <!-- day3Demo4 -->
        <test-method signature="day3Demo()[pri:0, instance:test.day3@55f616cf]" started-at="2020-07-12T11:51:49 IST" name="day3Demo" finished-at="2020-07-12T11:51:49 IST" duration-ms="10" status="FAIL">
          <exception class="java.lang.AssertionError">
            <message>
              <![CDATA[did not expect to find [true] but found [false]]]>
            </message>
            <full-stacktrace>
              <![CDATA[java.lang.AssertionError: did not expect to find [true] but found [false]
at org.testng.Assert.fail(Assert.java:97)
at org.testng.Assert.failNotEquals(Assert.java:969)
at org.testng.Assert.assertTrue(Assert.java:43)
at org.testng.Assert.assertTrue(Assert.java:53)
at test.day3.day3Demo(day3.java:16)
at java.base/jdk.internal.reflect.NativeMethodAccessorImpl.invoke0(Native Method)
at java.base/jdk.internal.reflect.NativeMethodAccessorImpl.invoke(NativeMethodAccessorImpl.java:62)
at java.base/jdk.internal.reflect.DelegatingMethodAccessorImpl.invoke(DelegatingMethodAccessorImpl.java:43)
at java.base/java.lang.reflect.Method.invoke(Method.java:564)
at org.testng.internal.MethodInvocationHelper.invokeMethod(MethodInvocationHelper.java:133)
at org.testng.internal.TestInvoker.invokeMethod(TestInvoker.java:584)
at org.testng.internal.TestInvoker.invokeTestMethod(TestInvoker.java:172)
at org.testng.internal.MethodRunner.runInSequence(MethodRunner.java:46)
at org.testng.internal.TestInvoker$MethodInvocationAgent.invoke(TestInvoker.java:804)
at org.testng.internal.TestInvoker.invokeTestMethods(TestInvoker.java:145)
at org.testng.internal.TestMethodWorker.invokeTestMethods(TestMethodWorker.java:146)
at org.testng.internal.TestMethodWorker.run(TestMethodWorker.java:128)
at java.base/java.util.ArrayList.forEach(ArrayList.java:1378)
at org.testng.TestRunner.privateRun(TestRunner.java:770)
at org.testng.TestRunner.run(TestRunner.java:591)
at org.testng.SuiteRunner.runTest(SuiteRunner.java:402)
at org.testng.SuiteRunner.access$000(SuiteRunner.java:41)
at org.testng.SuiteRunner$SuiteWorker.run(SuiteRunner.java:443)
at org.testng.internal.thread.ThreadUtil.lambda$execute$0(ThreadUtil.java:67)
at java.base/java.util.concurrent.FutureTask.run(FutureTask.java:264)
at java.base/java.util.concurrent.ThreadPoolExecutor.runWorker(ThreadPoolExecutor.java:1135)
at java.base/java.util.concurrent.ThreadPoolExecutor$Worker.run(ThreadPoolExecutor.java:635)
at java.base/java.lang.Thread.run(Thread.java:844)
]]>
            </full-stacktrace>
          </exception> <!-- java.lang.AssertionError -->
          <reporter-output>
          </reporter-output>
        </test-method> <!-- day3Demo -->
        <test-method is-config="true" signature="day3Demo7()[pri:0, instance:test.day3@55f616cf]" started-at="2020-07-12T11:51:49 IST" name="day3Demo7" finished-at="2020-07-12T11:51:49 IST" duration-ms="1" status="PASS">
          <reporter-output>
          </reporter-output>
        </test-method> <!-- day3Demo7 -->
        <test-method is-config="true" signature="day3Demo4()[pri:0, instance:test.day3@55f616cf]" started-at="2020-07-12T11:51:49 IST" name="day3Demo4" finished-at="2020-07-12T11:51:49 IST" duration-ms="8" status="PASS">
          <reporter-output>
          </reporter-output>
        </test-method> <!-- day3Demo4 -->
        <test-method signature="day3Demo5()[pri:0, instance:test.day3@55f616cf]" started-at="2020-07-12T11:51:49 IST" name="day3Demo5" finished-at="2020-07-12T11:51:49 IST" depends-on-methods="test.day3.day3Demo6" duration-ms="3" status="PASS">
          <reporter-output>
          </reporter-output>
        </test-method> <!-- day3Demo5 -->
        <test-method is-config="true" signature="day3Demo7()[pri:0, instance:test.day3@55f616cf]" started-at="2020-07-12T11:51:49 IST" name="day3Demo7" finished-at="2020-07-12T11:51:49 IST" duration-ms="0" status="PASS">
          <reporter-output>
          </reporter-output>
        </test-method> <!-- day3Demo7 -->
      </class> <!-- test.day3 -->
      <class name="test.day1">
        <test-method is-config="true" signature="beforeClass()[pri:0, instance:test.day1@1356d4d4]" started-at="2020-07-12T11:51:49 IST" name="beforeClass" finished-at="2020-07-12T11:51:49 IST" duration-ms="0" status="PASS">
          <reporter-output>
          </reporter-output>
        </test-method> <!-- beforeClass -->
        <test-method signature="day1Demo(java.lang.String)[pri:0, instance:test.day1@1356d4d4]" started-at="2020-07-12T11:51:49 IST" name="day1Demo" finished-at="2020-07-12T11:51:49 IST" duration-ms="27" status="PASS">
          <params>
            <param index="0">
              <value>
                <![CDATA[Day1/Day3.com]]>
              </value>
            </param>
          </params>
          <reporter-output>
          </reporter-output>
        </test-method> <!-- day1Demo -->
        <test-method signature="day1Demo1()[pri:0, instance:test.day1@1356d4d4]" started-at="2020-07-12T11:51:49 IST" name="day1Demo1" finished-at="2020-07-12T11:51:49 IST" duration-ms="9" status="PASS">
          <reporter-output>
          </reporter-output>
        </test-method> <!-- day1Demo1 -->
        <test-method is-config="true" signature="afterClass()[pri:0, instance:test.day1@1356d4d4]" started-at="2020-07-12T11:51:49 IST" name="afterClass" finished-at="2020-07-12T11:51:49 IST" duration-ms="1" status="PASS">
          <reporter-output>
          </reporter-output>
        </test-method> <!-- afterClass -->
        <test-method is-config="true" signature="day1Demo3()[pri:0, instance:test.day1@1356d4d4]" started-at="2020-07-12T11:51:49 IST" name="day1Demo3" finished-at="2020-07-12T11:51:49 IST" duration-ms="0" status="PASS">
          <reporter-output>
          </reporter-output>
        </test-method> <!-- day1Demo3 -->
      </class> <!-- test.day1 -->
    </test> <!-- Test -->
  </suite> <!-- Suite -->
</testng-results>
