<?xml version="1.0" encoding="UTF-8"?>
<testsuite xmlns:xsi="http://www.w3.org/2001/XMLSchema-instance" xsi:noNamespaceSchemaLocation="https://maven.apache.org/surefire/maven-surefire-plugin/xsd/surefire-test-report-3.0.xsd" version="3.0" name="TestSuite" time="0.797" tests="4" errors="0" skipped="0" failures="0">
  <properties>
[...]
</properties>
  <testcase name="BrowserAutomation" classname="SeleniumFramework.Mavenjava.SeleniumTest" time="0">
    <system-out><![CDATA[BrowserAutomation method
]]></system-out>
  </testcase>
  <testcase name="UIAutomation" classname="SeleniumFramework.Mavenjava.SeleniumTest" time="0.016">
    <system-out><![CDATA[UIAutomation method
]]></system-out>
  </testcase>
  <testcase name="AndroidAppTest" classname="SeleniumFramework.Mavenjava.AppiumTest" time="0">
    <system-out><![CDATA[AndroidAppTest method
]]></system-out>
  </testcase>
  <testcase name="IOSAppTest" classname="SeleniumFramework.Mavenjava.AppiumTest" time="0">
    <system-out><![CDATA[IOSAppTest method
]]></system-out>
  </testcase>
</testsuite>