<?xml version="1.0" encoding="UTF-8"?>
<testng-results ignored="0" total="4" passed="4" failed="0" skipped="0">
  <reporter-output>
  </reporter-output>
  <suite started-at="2020-07-12T14:49:26 IST" name="Suite" finished-at="2020-07-12T14:49:26 IST" duration-ms="47">
    <groups>
    </groups>
    <test started-at="2020-07-12T14:49:26 IST" name="Test" finished-at="2020-07-12T14:49:26 IST" duration-ms="47">
      <class name="SeleniumFramework.Mavenjava.AppiumTest">
        <test-method signature="AndroidAppTest()[pri:0, instance:SeleniumFramework.Mavenjava.AppiumTest@55f616cf]" started-at="2020-07-12T14:49:26 IST" name="AndroidAppTest" finished-at="2020-07-12T14:49:26 IST" duration-ms="0" status="PASS">
          <reporter-output>
          </reporter-output>
        </test-method> <!-- AndroidAppTest -->
        <test-method signature="IOSAppTest()[pri:0, instance:SeleniumFramework.Mavenjava.AppiumTest@55f616cf]" started-at="2020-07-12T14:49:26 IST" name="IOSAppTest" finished-at="2020-07-12T14:49:26 IST" duration-ms="0" status="PASS">
          <reporter-output>
          </reporter-output>
        </test-method> <!-- IOSAppTest -->
      </class> <!-- SeleniumFramework.Mavenjava.AppiumTest -->
      <class name="SeleniumFramework.Mavenjava.SeleniumTest">
        <test-method signature="BrowserAutomation()[pri:0, instance:SeleniumFramework.Mavenjava.SeleniumTest@609db43b]" started-at="2020-07-12T14:49:26 IST" name="BrowserAutomation" finished-at="2020-07-12T14:49:26 IST" duration-ms="0" status="PASS">
          <reporter-output>
          </reporter-output>
        </test-method> <!-- BrowserAutomation -->
        <test-method signature="UIAutomation()[pri:0, instance:SeleniumFramework.Mavenjava.SeleniumTest@609db43b]" started-at="2020-07-12T14:49:26 IST" name="UIAutomation" finished-at="2020-07-12T14:49:26 IST" duration-ms="0" status="PASS">
          <reporter-output>
          </reporter-output>
        </test-method> <!-- UIAutomation -->
      </class> <!-- SeleniumFramework.Mavenjava.SeleniumTest -->
    </test> <!-- Test -->
  </suite> <!-- Suite -->
</testng-results>
