<?xml version="1.0" encoding="UTF-8"?>
<!-- Generated by org.testng.reporters.JUnitXMLReporter -->
<testsuite ignored="0" hostname="DESKTOP-MQLKO6I" failures="0" tests="4" name="Test" time="33.307" errors="0" timestamp="2020-07-19T12:55:28 IST">
  <testcase classname="Academy.homePage" name="homePageNavigation" time="6.361"/>
  <testcase classname="Academy.homePage" name="homePageNavigation" time="3.997"/>
  <testcase classname="Academy.validateNavigationBar" name="navigationBarValidation" time="0.131"/>
  <testcase classname="Academy.validateTitle" name="titleValidation" time="0.052"/>
</testsuite> <!-- Test -->
