<?xml version="1.0" encoding="UTF-8"?>
<!-- Generated by org.testng.reporters.JUnitXMLReporter -->
<testsuite ignored="0" hostname="DESKTOP-MQLKO6I" failures="0" tests="4" name="ValidateTitle" time="0.239" errors="0" timestamp="2020-07-19T20:00:46 IST">
  <testcase classname="Academy.validateTitle" name="@BeforeTest initialize" time="0.017">
    <failure type="java.lang.NullPointerException">
      <![CDATA[java.lang.NullPointerException
at resources.base.initializeDriver(base.java:32)
at Academy.validateTitle.initialize(validateTitle.java:24)
at java.base/java.util.concurrent.FutureTask.run(FutureTask.java:264)
at java.base/java.util.concurrent.ThreadPoolExecutor.runWorker(ThreadPoolExecutor.java:1135)
at java.base/java.util.concurrent.ThreadPoolExecutor$Worker.run(ThreadPoolExecutor.java:635)
at java.base/java.lang.Thread.run(Thread.java:844)
... Removed 15 stack frames]]>
    </failure>
  </testcase> <!-- @BeforeTest initialize -->
  <testcase classname="Academy.validateTitle" name="@AfterTest tearDown" time="-1.595169046246E9">
    <skipped/>
  </testcase> <!-- @AfterTest tearDown -->
  <testcase classname="Academy.validateTitle" name="titleValidation" time="0.0">
    <skipped/>
  </testcase> <!-- titleValidation -->
  <testcase classname="Academy.homePage" name="homePageNavigation" time="0.0">
    <skipped/>
  </testcase> <!-- homePageNavigation -->
  <testcase classname="Academy.homePage" name="homePageNavigation" time="0.0">
    <skipped/>
  </testcase> <!-- homePageNavigation -->
  <testcase classname="Academy.validateNavigationBar" name="navigationBarValidation" time="0.0">
    <skipped/>
  </testcase> <!-- navigationBarValidation -->
</testsuite> <!-- ValidateTitle -->
