<?xml version="1.0" encoding="UTF-8"?>
<testng-results ignored="0" total="1" passed="1" failed="0" skipped="0">
  <reporter-output>
  </reporter-output>
  <suite started-at="2020-07-12T20:51:46 IST" name="Default suite" finished-at="2020-07-12T20:51:57 IST" duration-ms="11167">
    <groups>
    </groups>
    <test started-at="2020-07-12T20:51:46 IST" name="Default test" finished-at="2020-07-12T20:51:57 IST" duration-ms="11167">
      <class name="ExtentReports.Demo.ExtentReportDemo">
        <test-method is-config="true" signature="config()[pri:0, instance:ExtentReports.Demo.ExtentReportDemo@3d6f0054]" started-at="2020-07-12T20:51:46 IST" name="config" finished-at="2020-07-12T20:51:46 IST" duration-ms="263" status="PASS">
          <reporter-output>
          </reporter-output>
        </test-method> <!-- config -->
        <test-method signature="initialDemo()[pri:0, instance:ExtentReports.Demo.ExtentReportDemo@3d6f0054]" started-at="2020-07-12T20:51:46 IST" name="initialDemo" finished-at="2020-07-12T20:51:57 IST" duration-ms="10870" status="PASS">
          <reporter-output>
          </reporter-output>
        </test-method> <!-- initialDemo -->
      </class> <!-- ExtentReports.Demo.ExtentReportDemo -->
    </test> <!-- Default test -->
  </suite> <!-- Default suite -->
</testng-results>
