<?xml version="1.0" encoding="UTF-8"?>
<testng-results ignored="0" total="1" passed="1" failed="0" skipped="0">
  <reporter-output>
  </reporter-output>
  <suite started-at="2020-07-16T20:32:00 IST" name="Default suite" finished-at="2020-07-16T20:32:11 IST" duration-ms="11501">
    <groups>
    </groups>
    <test started-at="2020-07-16T20:32:00 IST" name="Default test" finished-at="2020-07-16T20:32:11 IST" duration-ms="11501">
      <class name="testCases.loginApplicationPF">
        <test-method signature="logIn()[pri:0, instance:testCases.loginApplicationPF@cad498c]" started-at="2020-07-16T20:32:00 IST" name="logIn" finished-at="2020-07-16T20:32:11 IST" duration-ms="11462" status="PASS">
          <reporter-output>
          </reporter-output>
        </test-method> <!-- logIn -->
      </class> <!-- testCases.loginApplicationPF -->
    </test> <!-- Default test -->
  </suite> <!-- Default suite -->
</testng-results>
