<?xml version="1.0" encoding="UTF-8"?>
<!-- Generated by org.testng.reporters.JUnitXMLReporter -->
<testsuite ignored="0" hostname="DESKTOP-MQLKO6I" failures="0" tests="4" name="Test" time="0.047" errors="0" timestamp="2020-07-12T14:49:26 IST">
  <testcase classname="SeleniumFramework.Mavenjava.SeleniumTest" name="BrowserAutomation" time="0.0"/>
  <testcase classname="SeleniumFramework.Mavenjava.SeleniumTest" name="UIAutomation" time="0.0"/>
  <testcase classname="SeleniumFramework.Mavenjava.AppiumTest" name="AndroidAppTest" time="0.0"/>
  <testcase classname="SeleniumFramework.Mavenjava.AppiumTest" name="IOSAppTest" time="0.0"/>
</testsuite> <!-- Test -->
