<?xml version="1.0" encoding="UTF-8"?>
<!-- Generated by org.testng.reporters.JUnitXMLReporter -->
<testsuite ignored="0" hostname="DESKTOP-MQLKO6I" failures="0" tests="7" name="Surefire test" time="0.062" errors="0" timestamp="2020-07-12T14:30:26 IST">
  <testcase classname="SeleniumFramework.Mavenjava.APITest" name="GetDataAPI" time="0.0"/>
  <testcase classname="SeleniumFramework.Mavenjava.APITest" name="PostDataAPI" time="0.0"/>
  <testcase classname="SeleniumFramework.Mavenjava.AppiumTest" name="AndroidAppTest" time="0.0"/>
  <testcase classname="SeleniumFramework.Mavenjava.AppiumTest" name="IOSAppTest" time="0.015"/>
  <testcase classname="SeleniumFramework.Mavenjava.RestAssuredTest" name="GetDataRestAPI" time="0.0"/>
  <testcase classname="SeleniumFramework.Mavenjava.SeleniumTest" name="BrowserAutomation" time="0.0"/>
  <testcase classname="SeleniumFramework.Mavenjava.SeleniumTest" name="UIAutomation" time="0.0"/>
</testsuite> <!-- Surefire test -->
