<?xml version="1.0" encoding="UTF-8"?>
<!-- Generated by org.testng.reporters.JUnitXMLReporter -->
<testsuite ignored="0" hostname="DESKTOP-MQLKO6I" failures="0" tests="4" name="Test" time="28.281" errors="0" timestamp="2020-07-19T12:47:30 IST">
  <testcase classname="Academy.homePage" name="homePageNavigation" time="1.365"/>
  <testcase classname="Academy.homePage" name="homePageNavigation" time="1.583"/>
  <testcase classname="Academy.validateNavigationBar" name="navigationBarValidation" time="0.099"/>
  <testcase classname="Academy.validateTitle" name="titleValidation" time="0.078"/>
</testsuite> <!-- Test -->
