<?xml version="1.0" encoding="UTF-8"?>
<!-- Generated by org.testng.reporters.JUnitXMLReporter -->
<testsuite ignored="0" hostname="DESKTOP-MQLKO6I" failures="0" tests="5" name="ValidateNavigationBar" time="14.388" errors="0" timestamp="2020-07-19T20:46:14 IST">
  <testcase classname="Academy.validateNavigationBar" name="navigationBarValidation" time="0.302"/>
  <testcase classname="Academy.validateTitle" name="headerValidation" time="0.247"/>
  <testcase classname="Academy.validateTitle" name="titleValidation" time="0.062"/>
  <testcase classname="Academy.homePage" name="homePageNavigation" time="7.001"/>
  <testcase classname="Academy.homePage" name="homePageNavigation" time="2.693"/>
</testsuite> <!-- ValidateNavigationBar -->
