<?xml version="1.0" encoding="UTF-8"?>
<!-- Generated by org.testng.reporters.JUnitXMLReporter -->
<testsuite ignored="0" hostname="DESKTOP-MQLKO6I" failures="1" tests="4" name="ValidateTitle" time="18.346" errors="0" timestamp="2020-07-19T20:44:37 IST">
  <testcase classname="Academy.homePage" name="homePageNavigation" time="7.897"/>
  <testcase classname="Academy.validateTitle" name="headerValidation" time="0.152">
    <failure type="java.lang.AssertionError" message="expected [An Academy to learn Everything about Testing] but found [AN ACADEMY TO LEARN EVERYTHING ABOUT TESTING]">
      <![CDATA[java.lang.AssertionError: expected [An Academy to learn Everything about Testing] but found [AN ACADEMY TO LEARN EVERYTHING ABOUT TESTING]
at Academy.validateTitle.headerValidation(validateTitle.java:41)
at java.base/java.util.ArrayList.forEach(ArrayList.java:1378)
at java.base/java.util.concurrent.FutureTask.run(FutureTask.java:264)
at java.base/java.util.concurrent.ThreadPoolExecutor.runWorker(ThreadPoolExecutor.java:1135)
at java.base/java.util.concurrent.ThreadPoolExecutor$Worker.run(ThreadPoolExecutor.java:635)
at java.base/java.lang.Thread.run(Thread.java:844)
... Removed 23 stack frames]]>
    </failure>
  </testcase> <!-- headerValidation -->
  <testcase classname="Academy.validateTitle" name="titleValidation" time="0.06"/>
  <testcase classname="Academy.homePage" name="homePageNavigation" time="3.517"/>
</testsuite> <!-- ValidateTitle -->
