<?xml version="1.0" encoding="UTF-8"?>
<!-- Generated by org.testng.reporters.JUnitXMLReporter -->
<testsuite ignored="4" hostname="DESKTOP-MQLKO6I" failures="0" tests="3" name="Regression" time="0.048" errors="0" timestamp="2020-07-11T20:25:55 IST">
  <testcase classname="test.day1" name="day1Demo1" time="0.0"/>
  <testcase classname="test.day3" name="day3Demo" time="0.0"/>
  <testcase classname="test.day2" name="day2Demo" time="0.0"/>
  <testcase classname="test.day3" name="day3Demo5" time="0.0">
    <ignored/>
  </testcase> <!-- day3Demo5 -->
  <testcase classname="test.day3" name="day3Demo6" time="0.0">
    <ignored/>
  </testcase> <!-- day3Demo6 -->
  <testcase classname="test.day2" name="day2Demo1" time="0.0">
    <ignored/>
  </testcase> <!-- day2Demo1 -->
  <testcase classname="test.day1" name="day1Demo" time="0.0">
    <ignored/>
  </testcase> <!-- day1Demo -->
</testsuite> <!-- Regression -->
