<?xml version="1.0" encoding="UTF-8"?>
<!-- Generated by org.testng.reporters.JUnitXMLReporter -->
<testsuite ignored="0" hostname="DESKTOP-MQLKO6I" failures="0" tests="5" name="Test1" time="0.016" errors="0" timestamp="2020-07-12T11:48:48 IST">
  <testcase classname="test.day2" name="credentials" time="0.0"/>
  <testcase classname="test.day2" name="credentials" time="0.0"/>
  <testcase classname="test.day2" name="credentials" time="0.0"/>
  <testcase classname="test.day2" name="day2Demo" time="0.0"/>
  <testcase classname="test.day2" name="day2Demo1" time="0.0"/>
</testsuite> <!-- Test1 -->
